  AlarmLib.cpp
c:\alarm_program\alarm\buttonposition.h(54): warning C4005: 'MB_RIGHT': 매크로 재정의
  c:\program files (x86)\windows kits\10\include\10.0.17763.0\um\winuser.h(8942): note: 'MB_RIGHT'의 이전 정의를 참조하십시오.
c:\alarm_program\alarm\alarmlib.cpp(69): warning C4477: 'fwscanf' : 서식 문자열 '%d'에 'int *' 형식의 인수가 필요하지만 variadic 인수 11의 형식이 'bool *'입니다.
c:\alarm_program\alarm\alarmlib.cpp(200): warning C4267: '인수': 'size_t'에서 'int'(으)로 변환하면서 데이터가 손실될 수 있습니다.
c:\alarm_program\alarm\alarmlib.cpp(204): warning C4267: '인수': 'size_t'에서 'int'(으)로 변환하면서 데이터가 손실될 수 있습니다.
c:\alarm_program\alarm\alarmlib.cpp(210): warning C4267: '인수': 'size_t'에서 'int'(으)로 변환하면서 데이터가 손실될 수 있습니다.
c:\alarm_program\alarm\alarmlib.cpp(211): warning C4267: '인수': 'size_t'에서 'int'(으)로 변환하면서 데이터가 손실될 수 있습니다.
c:\alarm_program\alarm\alarmlib.cpp(212): warning C4267: '인수': 'size_t'에서 'int'(으)로 변환하면서 데이터가 손실될 수 있습니다.
c:\alarm_program\alarm\alarmlib.cpp(218): warning C4267: '인수': 'size_t'에서 'int'(으)로 변환하면서 데이터가 손실될 수 있습니다.
c:\alarm_program\alarm\alarmlib.cpp(225): warning C4267: '인수': 'size_t'에서 'int'(으)로 변환하면서 데이터가 손실될 수 있습니다.
c:\alarm_program\alarm\alarmlib.cpp(226): warning C4267: '인수': 'size_t'에서 'int'(으)로 변환하면서 데이터가 손실될 수 있습니다.
c:\alarm_program\alarm\alarmlib.cpp(227): warning C4267: '인수': 'size_t'에서 'int'(으)로 변환하면서 데이터가 손실될 수 있습니다.
c:\alarm_program\alarm\alarmlib.cpp(228): warning C4267: '인수': 'size_t'에서 'int'(으)로 변환하면서 데이터가 손실될 수 있습니다.
c:\alarm_program\alarm\alarmlib.cpp(229): warning C4267: '인수': 'size_t'에서 'int'(으)로 변환하면서 데이터가 손실될 수 있습니다.
c:\alarm_program\alarm\alarmlib.cpp(230): warning C4267: '인수': 'size_t'에서 'int'(으)로 변환하면서 데이터가 손실될 수 있습니다.
c:\alarm_program\alarm\alarmlib.cpp(231): warning C4267: '인수': 'size_t'에서 'int'(으)로 변환하면서 데이터가 손실될 수 있습니다.
c:\alarm_program\alarm\alarmlib.cpp(928): warning C4267: '인수': 'size_t'에서 'int'(으)로 변환하면서 데이터가 손실될 수 있습니다.
c:\alarm_program\alarm\alarmlib.cpp(930): warning C4267: '인수': 'size_t'에서 'int'(으)로 변환하면서 데이터가 손실될 수 있습니다.
c:\alarm_program\alarm\alarmlib.cpp(1011): warning C4267: '인수': 'size_t'에서 'int'(으)로 변환하면서 데이터가 손실될 수 있습니다.
c:\alarm_program\alarm\alarmlib.cpp(1013): warning C4267: '인수': 'size_t'에서 'int'(으)로 변환하면서 데이터가 손실될 수 있습니다.
  Alarm.vcxproj -> C:\Alarm_Program\x64\Debug\Alarm.exe
